#
# There is insufficient memory for the Java Runtime Environment to continue.
# Native memory allocation (mmap) failed to map 402653184 bytes for G1 virtual space
# Possible reasons:
#   The system is out of physical RAM or swap space
#   The process is running with CompressedOops enabled, and the Java Heap may be blocking the growth of the native heap
# Possible solutions:
#   Reduce memory load on the system
#   Increase physical memory or swap space
#   Check if swap backing store is full
#   Decrease Java heap size (-Xmx/-Xms)
#   Decrease number of Java threads
#   Decrease Java thread stack sizes (-Xss)
#   Set larger code cache with -XX:ReservedCodeCacheSize=
#   JVM is running with Zero Based Compressed Oops mode in which the Java heap is
#     placed in the first 32GB address space. The Java Heap base address is the
#     maximum limit for the native heap growth. Please use -XX:HeapBaseMinAddress
#     to set the Java Heap base and to place the Java Heap above 32GB virtual address.
# This output file may be truncated or incomplete.
#
#  Out of Memory Error (os_windows.cpp:3530), pid=31556, tid=13392
#
# JRE version:  (18.0.2.1+1) (build )
# Java VM: Java HotSpot(TM) 64-Bit Server VM (18.0.2.1+1-1, mixed mode, sharing, tiered, compressed oops, compressed class ptrs, g1 gc, windows-amd64)
# No core dump will be written. Minidumps are not enabled by default on client versions of Windows
#

---------------  S U M M A R Y ------------

Command Line: org.jetbrains.kotlin.cli.jvm.K2JVMCompiler @C:\Users\kikek\Desktop\DAM2\PMyDM\Repositorios\EnriquePerez_PMyDM\RetApp\app\build\20230525_7428320748188234708.compiler.options

Host: Intel(R) Core(TM) i5-10300H CPU @ 2.50GHz, 8 cores, 23G,  Windows 11 , 64 bit Build 22621 (10.0.22621.1635)
Time: Thu May 25 21:24:19 2023 Hora de verano romance elapsed time: 0.012901 seconds (0d 0h 0m 0s)

---------------  T H R E A D  ---------------

Current thread (0x000002495ba6dc30):  JavaThread "Unknown thread" [_thread_in_vm, id=13392, stack(0x0000008e7c200000,0x0000008e7c300000)]

Stack: [0x0000008e7c200000,0x0000008e7c300000]
Native frames: (J=compiled Java code, j=interpreted, Vv=VM code, C=native code)
V  [jvm.dll+0x6993aa]
V  [jvm.dll+0x7f46dd]
V  [jvm.dll+0x7f5fee]
V  [jvm.dll+0x7f66a3]
V  [jvm.dll+0x25cf1f]
V  [jvm.dll+0x6962f9]
V  [jvm.dll+0x68ae2a]
V  [jvm.dll+0x32255b]
V  [jvm.dll+0x329f36]
V  [jvm.dll+0x37eade]
V  [jvm.dll+0x37ed0f]
V  [jvm.dll+0x2fa2da]
V  [jvm.dll+0x2fb33d]
V  [jvm.dll+0x7c3310]
V  [jvm.dll+0x38be61]
V  [jvm.dll+0x7a2023]
V  [jvm.dll+0x40dc3f]
V  [jvm.dll+0x40f611]
C  [jli.dll+0x526b]
C  [ucrtbase.dll+0x29363]
C  [KERNEL32.DLL+0x126ad]
C  [ntdll.dll+0x5a9f8]


---------------  P R O C E S S  ---------------

Threads class SMR info:
_java_thread_list=0x00007fffcebce550, length=0, elements={
}

Java Threads: ( => current thread )

Other Threads:
  0x000002495bafcfd0 WorkerThread "GC Thread#0" [stack: 0x0000008e7c300000,0x0000008e7c400000] [id=23736]
  0x000002495bb09dc0 ConcurrentGCThread "G1 Main Marker" [stack: 0x0000008e7c400000,0x0000008e7c500000] [id=13800]
  0x000002495bb0a7b0 WorkerThread "G1 Conc#0" [stack: 0x0000008e7c500000,0x0000008e7c600000] [id=25768]

[error occurred during error reporting (printing all threads), id 0xc0000005, EXCEPTION_ACCESS_VIOLATION (0xc0000005) at pc=0x00007fffce3fa877]

VM state: not at safepoint (not fully initialized)

VM Mutex/Monitor currently owned by a thread:  ([mutex/lock_event])
[0x000002495ba6a920] Heap_lock - owner thread: 0x000002495ba6dc30

Heap address: 0x0000000682800000, size: 6104 MB, Compressed Oops mode: Zero based, Oop shift amount: 3

CDS archive(s) mapped at: [0x0000000000000000-0x0000000000000000-0x0000000000000000), size 0, SharedBaseAddress: 0x0000000800000000, ArchiveRelocationMode: 0.
Narrow klass base: 0x0000000000000000, Narrow klass shift: 0, Narrow klass range: 0x0

GC Precious Log:
 CardTable entry size: 512
 Card Set container configuration: InlinePtr #cards 4 size 8 Array Of Cards #cards 32 size 80 Howl #buckets 8 coarsen threshold 7372 Howl Bitmap #cards 1024 size 144 coarsen threshold 921 Card regions per heap region 1 cards per card region 8192

Heap:
 garbage-first heap   total 0K, used 0K [0x0000000682800000, 0x0000000800000000)
  region size 4096K, 0 young (0K), 0 survivors (0K)

[error occurred during error reporting (printing heap information), id 0xc0000005, EXCEPTION_ACCESS_VIOLATION (0xc0000005) at pc=0x00007fffce7e1839]

GC Heap History (0 events):
No events

Deoptimization events (0 events):
No events

Classes loaded (0 events):
No events

Classes unloaded (0 events):
No events

Classes redefined (0 events):
No events

Internal exceptions (0 events):
No events

VM Operations (0 events):
No events

Events (1 events):
Event: 0.008 Loaded shared library C:\Program Files\Java\jdk-18.0.2.1\bin\java.dll


Dynamic libraries:
0x00007ff640950000 - 0x00007ff640960000 	C:\Program Files\Java\jdk-18.0.2.1\bin\java.exe
0x00007ff85b630000 - 0x00007ff85b844000 	C:\WINDOWS\SYSTEM32\ntdll.dll
0x00007ff85ab30000 - 0x00007ff85abf2000 	C:\WINDOWS\System32\KERNEL32.DLL
0x00007ff858e30000 - 0x00007ff8591d3000 	C:\WINDOWS\System32\KERNELBASE.dll
0x00007ff858a50000 - 0x00007ff858b61000 	C:\WINDOWS\System32\ucrtbase.dll
0x00007ff81cf40000 - 0x00007ff81cf5a000 	C:\Program Files\Java\jdk-18.0.2.1\bin\VCRUNTIME140.dll
0x00007ff82be60000 - 0x00007ff82be78000 	C:\Program Files\Java\jdk-18.0.2.1\bin\jli.dll
0x00007ff8596c0000 - 0x00007ff85976e000 	C:\WINDOWS\System32\ADVAPI32.dll
0x00007ff85afe0000 - 0x00007ff85b087000 	C:\WINDOWS\System32\msvcrt.dll
0x00007ff85aa60000 - 0x00007ff85ab04000 	C:\WINDOWS\System32\sechost.dll
0x00007ff85ad70000 - 0x00007ff85ae87000 	C:\WINDOWS\System32\RPCRT4.dll
0x00007ff85a8b0000 - 0x00007ff85aa5b000 	C:\WINDOWS\System32\USER32.dll
0x00007ff83ffa0000 - 0x00007ff84022e000 	C:\WINDOWS\WinSxS\amd64_microsoft.windows.common-controls_6595b64144ccf1df_6.0.22621.1635_none_270f70857386168e\COMCTL32.dll
0x00007ff858d60000 - 0x00007ff858d86000 	C:\WINDOWS\System32\win32u.dll
0x00007ff85a4c0000 - 0x00007ff85a4e9000 	C:\WINDOWS\System32\GDI32.dll
0x00007ff8592a0000 - 0x00007ff8593b8000 	C:\WINDOWS\System32\gdi32full.dll
0x00007ff858d90000 - 0x00007ff858e2a000 	C:\WINDOWS\System32\msvcp_win.dll
0x00007ff850e10000 - 0x00007ff850e1a000 	C:\WINDOWS\SYSTEM32\VERSION.dll
0x00007ff85a4f0000 - 0x00007ff85a521000 	C:\WINDOWS\System32\IMM32.DLL
0x00007ff856280000 - 0x00007ff85628c000 	C:\Program Files\Java\jdk-18.0.2.1\bin\vcruntime140_1.dll
0x00007ffffb9d0000 - 0x00007ffffba5d000 	C:\Program Files\Java\jdk-18.0.2.1\bin\msvcp140.dll
0x00007fffce0f0000 - 0x00007fffced01000 	C:\Program Files\Java\jdk-18.0.2.1\bin\server\jvm.dll
0x00007ff85a650000 - 0x00007ff85a658000 	C:\WINDOWS\System32\PSAPI.DLL
0x00007ff84bf70000 - 0x00007ff84bf79000 	C:\WINDOWS\SYSTEM32\WSOCK32.dll
0x00007ff853330000 - 0x00007ff853364000 	C:\WINDOWS\SYSTEM32\WINMM.dll
0x00007ff85acd0000 - 0x00007ff85ad41000 	C:\WINDOWS\System32\WS2_32.dll
0x00007ff857a60000 - 0x00007ff857a78000 	C:\WINDOWS\SYSTEM32\kernel.appcore.dll
0x00007ff854280000 - 0x00007ff85428a000 	C:\Program Files\Java\jdk-18.0.2.1\bin\jimage.dll
0x00007ff856330000 - 0x00007ff85655e000 	C:\WINDOWS\SYSTEM32\DBGHELP.DLL
0x00007ff859f70000 - 0x00007ff85a2f9000 	C:\WINDOWS\System32\combase.dll
0x00007ff859440000 - 0x00007ff859517000 	C:\WINDOWS\System32\OLEAUT32.dll
0x00007ff84cd10000 - 0x00007ff84cd42000 	C:\WINDOWS\SYSTEM32\dbgcore.DLL
0x00007ff858b70000 - 0x00007ff858beb000 	C:\WINDOWS\System32\bcryptPrimitives.dll
0x00007ff8027b0000 - 0x00007ff8027d5000 	C:\Program Files\Java\jdk-18.0.2.1\bin\java.dll

dbghelp: loaded successfully - version: 4.0.5 - missing functions: none
symbol engine: initialized successfully - sym options: 0x614 - pdb path: .;C:\Program Files\Java\jdk-18.0.2.1\bin;C:\WINDOWS\SYSTEM32;C:\WINDOWS\WinSxS\amd64_microsoft.windows.common-controls_6595b64144ccf1df_6.0.22621.1635_none_270f70857386168e;C:\Program Files\Java\jdk-18.0.2.1\bin\server

VM Arguments:
java_command: org.jetbrains.kotlin.cli.jvm.K2JVMCompiler @C:\Users\kikek\Desktop\DAM2\PMyDM\Repositorios\EnriquePerez_PMyDM\RetApp\app\build\20230525_7428320748188234708.compiler.options
java_class_path (initial): C:\Users\kikek\.gradle\caches\modules-2\files-2.1\org.jetbrains.kotlin\kotlin-compiler-embeddable\1.7.21\a36688d6a38ea94ac3fce84e198ea2cb6c6a8e88\kotlin-compiler-embeddable-1.7.21.jar;C:\Users\kikek\.gradle\caches\modules-2\files-2.1\org.jetbrains.kotlin\kotlin-reflect\1.7.21\ad6d09bc4db0eab1069112eea8ebea0be7be44f\kotlin-reflect-1.7.21.jar;C:\Users\kikek\.gradle\caches\modules-2\files-2.1\org.jetbrains.kotlin\kotlin-stdlib\1.7.21\1a2eaf898a0dda83037034b10a42053cf8a7caf8\kotlin-stdlib-1.7.21.jar;C:\Users\kikek\.gradle\caches\modules-2\files-2.1\org.jetbrains.kotlin\kotlin-script-runtime\1.7.21\b06d5c58297dccce2a0f69b0636804b0a73b3b9\kotlin-script-runtime-1.7.21.jar;C:\Users\kikek\.gradle\caches\modules-2\files-2.1\org.jetbrains.kotlin\kotlin-daemon-embeddable\1.7.21\b94818f660cc50f5d39f04b6396ac38e4d3a9eb7\kotlin-daemon-embeddable-1.7.21.jar;C:\Users\kikek\.gradle\caches\modules-2\files-2.1\org.jetbrains.intellij.deps\trove4j\1.0.20200330\3afb14d5f9ceb459d724e907a21145e8ff394f02\trove4j-1.0.20200330.jar;C:\Users\kikek\.gradle\caches\modules-2\files-2.1\net.java.dev.jna\jna\5.6.0\330f2244e9030119ab3030fc3fededc86713d9cc\jna-5.6.0.jar;C:\Users\kikek\.gradle\caches\modules-2\files-2.1\org.jetbrains.kotlin\kotlin-stdlib-common\1.7.21\cb02257de8e13e8498f8e2f69f742f2d438e794d\kotlin-stdlib-common-1.7.21.jar;C:\Users\kikek\.gradle\caches\modules-2\files-2.1\org.jetbrains\annotations\13.0\919f0dfe192fb4e063e7dacadee7f8bb9a2672a9\annotations-13.0.jar
Launcher Type: SUN_STANDARD

[Global flags]
     intx CICompilerCount                          = 4                                         {product} {ergonomic}
     uint ConcGCThreads                            = 2                                         {product} {ergonomic}
     uint G1ConcRefinementThreads                  = 8                                         {product} {ergonomic}
   size_t G1HeapRegionSize                         = 4194304                                   {product} {ergonomic}
    uintx GCDrainStackTargetSize                   = 64                                        {product} {ergonomic}
   size_t InitialHeapSize                          = 402653184                                 {product} {ergonomic}
   size_t MarkStackSize                            = 4194304                                   {product} {ergonomic}
   size_t MaxHeapSize                              = 6400507904                                {product} {ergonomic}
   size_t MinHeapDeltaBytes                        = 4194304                                   {product} {ergonomic}
   size_t MinHeapSize                              = 8388608                                   {product} {ergonomic}
    uintx NonNMethodCodeHeapSize                   = 5839372                                {pd product} {ergonomic}
    uintx NonProfiledCodeHeapSize                  = 122909434                              {pd product} {ergonomic}
    uintx ProfiledCodeHeapSize                     = 122909434                              {pd product} {ergonomic}
    uintx ReservedCodeCacheSize                    = 251658240                              {pd product} {ergonomic}
     bool SegmentedCodeCache                       = true                                      {product} {ergonomic}
   size_t SoftMaxHeapSize                          = 6400507904                             {manageable} {ergonomic}
     bool UseCompressedClassPointers               = true                           {product lp64_product} {ergonomic}
     bool UseCompressedOops                        = true                           {product lp64_product} {ergonomic}
     bool UseG1GC                                  = true                                      {product} {ergonomic}
     bool UseLargePagesIndividualAllocation        = false                                  {pd product} {ergonomic}

Logging:
Log output configuration:
 #0: stdout all=warning uptime,level,tags foldmultilines=false
 #1: stderr all=off uptime,level,tags foldmultilines=false

Environment Variables:
PATH=C:\Python311\Scripts\;C:\Python311\;C:\Program Files\Common Files\Oracle\Java\javapath;C:\Program Files (x86)\Common Files\Oracle\Java\javapath;C:\Python39\Scripts\;C:\Python39\;C:\Windows\system32;C:\Windows;C:\Windows\System32\Wbem;C:\Windows\System32\WindowsPowerShell\v1.0\;C:\Windows\System32\OpenSSH\;C:\Program Files (x86)\NVIDIA Corporation\PhysX\Common;C:\ProgramData\chocolatey\bin;C:\WINDOWS\system32;C:\WINDOWS;C:\WINDOWS\System32\Wbem;C:\WINDOWS\System32\WindowsPowerShell\v1.0\;C:\WINDOWS\System32\OpenSSH\;C:\Program Files\Git\cmd;C:\WINDOWS\system32;C:\WINDOWS;C:\WINDOWS\System32\Wbem;C:\WINDOWS\System32\WindowsPowerShell\v1.0\;C:\WINDOWS\System32\OpenSSH\;C:\Program Files\Amazon\AWSCLIV2\;C:\Program Files\nodejs\;C:\Program Files\Docker\Docker\resources\bin;C:\Users\kikek\AppData\Local\Microsoft\WindowsApps;C:\Users\kikek\AppData\Local\Programs\Microsoft VS Code\bin;C:\xampp\php;C:\Users\kikek\AppData\Local\GitHubDesktop\bin;C:\Users\kikek\AppData\Roaming\npm
USERNAME=kikek
OS=Windows_NT
PROCESSOR_IDENTIFIER=Intel64 Family 6 Model 165 Stepping 2, GenuineIntel



---------------  S Y S T E M  ---------------

OS:
 Windows 11 , 64 bit Build 22621 (10.0.22621.1635)
OS uptime: 11 days 20:03 hours
Hyper-V role detected

CPU: total 8 (initial active 8) (4 cores per cpu, 2 threads per core) family 6 model 165 stepping 2 microcode 0xe2, cx8, cmov, fxsr, ht, mmx, 3dnowpref, sse, sse2, sse3, ssse3, sse4.1, sse4.2, popcnt, lzcnt, tsc, tscinvbit, avx, avx2, aes, erms, clmul, bmi1, bmi2, adx, fma, vzeroupper, clflush, clflushopt, hv

Memory: 4k page, system-wide physical 24407M (9776M free)
TotalPageFile size 24407M (AvailPageFile size 356M)
current process WorkingSet (physical memory assigned to process): 11M, peak: 11M
current process commit charge ("private bytes"): 60M, peak: 444M

vm_info: Java HotSpot(TM) 64-Bit Server VM (18.0.2.1+1-1) for windows-amd64 JRE (18.0.2.1+1-1), built on Aug 16 2022 01:46:33 by "mach5one" with MS VC++ 16.8 / 16.9 (VS2019)

END.
